<?xml version="1.0" encoding="UTF-8"?>
<testng-results skipped="0" failed="0" total="1" passed="1">
  <reporter-output>
  </reporter-output>
  <suite name="Default suite" duration-ms="21744" started-at="2020-03-28T19:49:10Z" finished-at="2020-03-28T19:49:32Z">
    <groups>
    </groups>
    <test name="Default test" duration-ms="21744" started-at="2020-03-28T19:49:10Z" finished-at="2020-03-28T19:49:32Z">
      <class name="BusinessLogic.getGoogle">
        <test-method status="PASS" signature="getGooglepage()[pri:0, instance:BusinessLogic.getGoogle@7bb11784]" name="getGooglepage" duration-ms="21726" started-at="2020-03-29T01:19:10Z" finished-at="2020-03-29T01:19:32Z">
          <reporter-output>
          </reporter-output>
        </test-method> <!-- getGooglepage -->
      </class> <!-- BusinessLogic.getGoogle -->
    </test> <!-- Default test -->
  </suite> <!-- Default suite -->
</testng-results>
